-------------------------------------------------------------------------------
Test set: com.automation.playwright_framework.IptDeclarationTestCase1Test
-------------------------------------------------------------------------------
Tests run: 1, Failures: 1, Errors: 0, Skipped: 0, Time elapsed: 401.4 s <<< FAILURE! -- in com.automation.playwright_framework.IptDeclarationTestCase1Test
com.automation.playwright_framework.IptDeclarationTestCase1Test.submitIptDeclarationTestCase1UsingJsonData -- Time elapsed: 400.9 s <<< FAILURE!
org.opentest4j.AssertionFailedError: expected: <NAME> but was: <ADATA>
	at org.junit.jupiter.api.AssertionFailureBuilder.build(AssertionFailureBuilder.java:158)
	at org.junit.jupiter.api.AssertionFailureBuilder.buildAndThrow(AssertionFailureBuilder.java:139)
	at org.junit.jupiter.api.AssertEquals.failNotEqual(AssertEquals.java:201)
	at org.junit.jupiter.api.AssertEquals.assertEquals(AssertEquals.java:184)
	at org.junit.jupiter.api.AssertEquals.assertEquals(AssertEquals.java:179)
	at org.junit.jupiter.api.Assertions.assertEquals(Assertions.java:1188)
	at com.automation.playwright_framework.IptDeclarationTestCase1Test.submitIptDeclarationTestCase1UsingJsonData(IptDeclarationTestCase1Test.java:105)

