-------------------------------------------------------------------------------
Test set: com.automation.playwright_framework.IptDeclarationInvoiceJsonMappingTest
-------------------------------------------------------------------------------
Tests run: 2, Failures: 1, Errors: 0, Skipped: 0, Time elapsed: 0.217 s <<< FAILURE! -- in com.automation.playwright_framework.IptDeclarationInvoiceJsonMappingTest
com.automation.playwright_framework.IptDeclarationInvoiceJsonMappingTest.readsBankerGuaranteeCodeFromBatchHeader -- Time elapsed: 0.030 s <<< FAILURE!
org.opentest4j.AssertionFailedError: expected: <I> but was: <>
	at org.junit.jupiter.api.AssertionFailureBuilder.build(AssertionFailureBuilder.java:158)
	at org.junit.jupiter.api.AssertionFailureBuilder.buildAndThrow(AssertionFailureBuilder.java:139)
	at org.junit.jupiter.api.AssertEquals.failNotEqual(AssertEquals.java:201)
	at org.junit.jupiter.api.AssertEquals.assertEquals(AssertEquals.java:184)
	at org.junit.jupiter.api.AssertEquals.assertEquals(AssertEquals.java:179)
	at org.junit.jupiter.api.Assertions.assertEquals(Assertions.java:1188)
	at com.automation.playwright_framework.IptDeclarationInvoiceJsonMappingTest.readsBankerGuaranteeCodeFromBatchHeader(IptDeclarationInvoiceJsonMappingTest.java:41)

