-------------------------------------------------------------------------------
Test set: com.automation.playwright_framework.OutDeclarationTestCase1Test
-------------------------------------------------------------------------------
Tests run: 1, Failures: 0, Errors: 1, Skipped: 0, Time elapsed: 11.66 s <<< FAILURE! -- in com.automation.playwright_framework.OutDeclarationTestCase1Test
com.automation.playwright_framework.OutDeclarationTestCase1Test.submitOutDeclarationTestCase1UsingJsonData -- Time elapsed: 11.51 s <<< ERROR!
java.lang.IllegalArgumentException: Resource not found: data/out-declaration-batch-test-case.json
	at com.automation.playwright_framework.OutDeclarationTestCase1Test.loadTestData(OutDeclarationTestCase1Test.java:190)
	at com.automation.playwright_framework.OutDeclarationTestCase1Test.submitOutDeclarationTestCase1UsingJsonData(OutDeclarationTestCase1Test.java:42)

