-------------------------------------------------------------------------------
Test set: com.automation.playwright_framework.TestLauncherControllerTest
-------------------------------------------------------------------------------
Tests run: 3, Failures: 1, Errors: 0, Skipped: 0, Time elapsed: 0.247 s <<< FAILURE! -- in com.automation.playwright_framework.TestLauncherControllerTest
com.automation.playwright_framework.TestLauncherControllerTest.pmtWithoutNumberRemainsInProgressUntilPermitNumberExists -- Time elapsed: 0.042 s <<< FAILURE!
org.opentest4j.AssertionFailedError: expected: <IN_PROGRESS> but was: <SUCCESS>
	at org.junit.jupiter.api.AssertionFailureBuilder.build(AssertionFailureBuilder.java:158)
	at org.junit.jupiter.api.AssertionFailureBuilder.buildAndThrow(AssertionFailureBuilder.java:139)
	at org.junit.jupiter.api.AssertEquals.failNotEqual(AssertEquals.java:201)
	at org.junit.jupiter.api.AssertEquals.assertEquals(AssertEquals.java:184)
	at org.junit.jupiter.api.AssertEquals.assertEquals(AssertEquals.java:179)
	at org.junit.jupiter.api.Assertions.assertEquals(Assertions.java:1188)
	at com.automation.playwright_framework.TestLauncherControllerTest.pmtWithoutNumberRemainsInProgressUntilPermitNumberExists(TestLauncherControllerTest.java:64)

