-------------------------------------------------------------------------------
Test set: com.automation.playwright_framework.OutDeclarationTestCase1Test
-------------------------------------------------------------------------------
Tests run: 1, Failures: 0, Errors: 1, Skipped: 0, Time elapsed: 504.5 s <<< FAILURE! -- in com.automation.playwright_framework.OutDeclarationTestCase1Test
com.automation.playwright_framework.OutDeclarationTestCase1Test.submitOutDeclarationTestCase1UsingJsonData -- Time elapsed: 504.3 s <<< ERROR!
com.microsoft.playwright.impl.TargetClosedError: 
Error {
  message='Target page, context or browser has been closed
  name='TargetClosedError
  stack='TargetClosedError:Target page, context or browser has been closed
Error
    at captureRawStack (C:\Users\mabis\AppData\Local\Temp\playwright-java-3781676058749878303\package\lib\utils\isomorphic\stackTrace.js:32:17)
    at LongStandingScope._race (C:\Users\mabis\AppData\Local\Temp\playwright-java-3781676058749878303\package\lib\utils\isomorphic\manualPromise.js:87:58)
    at LongStandingScope.race (C:\Users\mabis\AppData\Local\Temp\playwright-java-3781676058749878303\package\lib\utils\isomorphic\manualPromise.js:80:17)
    at FrameDispatcher._handleCommand (C:\Users\mabis\AppData\Local\Temp\playwright-java-3781676058749878303\package\lib\server\dispatchers\dispatcher.js:90:36)
    at DispatcherConnection.dispatch (C:\Users\mabis\AppData\Local\Temp\playwright-java-3781676058749878303\package\lib\server\dispatchers\dispatcher.js:309:39)
}
	at com.microsoft.playwright.impl.WaitableResult.get(WaitableResult.java:54)
	at com.microsoft.playwright.impl.ChannelOwner.runUntil(ChannelOwner.java:138)
	at com.microsoft.playwright.impl.Connection.sendMessage(Connection.java:131)
	at com.microsoft.playwright.impl.ChannelOwner.sendMessage(ChannelOwner.java:124)
	at com.microsoft.playwright.impl.FrameImpl.waitForTimeout(FrameImpl.java:996)
	at com.microsoft.playwright.impl.PageImpl.waitForTimeout(PageImpl.java:1532)
	at com.automation.IptDeclarationPage.waitForFormControls(IptDeclarationPage.java:4204)
	at com.automation.IptDeclarationPage.resolveFieldByLabelInSectionOrNull(IptDeclarationPage.java:3233)
	at com.automation.IptDeclarationPage.fillFieldInSectionByAnyLabelIfPresent(IptDeclarationPage.java:1347)
	at com.automation.OutDeclarationPage.fillTransportInfo(OutDeclarationPage.java:300)
	at com.automation.OutDeclarationPage.lambda$1(OutDeclarationPage.java:44)
	at com.automation.IptDeclarationPage.fillSectionAndAdvance(IptDeclarationPage.java:1075)
	at com.automation.OutDeclarationPage.populateDraftFrom(OutDeclarationPage.java:44)
	at com.automation.playwright_framework.OutDeclarationTestCase1Test.submitBatchDeclarations(OutDeclarationTestCase1Test.java:88)
	at com.automation.playwright_framework.OutDeclarationTestCase1Test.submitOutDeclarationTestCase1UsingJsonData(OutDeclarationTestCase1Test.java:54)
Caused by: com.microsoft.playwright.impl.TargetClosedError: Error {
  message='Target page, context or browser has been closed
  name='TargetClosedError
  stack='TargetClosedError:Target page, context or browser has been closed
Error
    at captureRawStack (C:\Users\mabis\AppData\Local\Temp\playwright-java-3781676058749878303\package\lib\utils\isomorphic\stackTrace.js:32:17)
    at LongStandingScope._race (C:\Users\mabis\AppData\Local\Temp\playwright-java-3781676058749878303\package\lib\utils\isomorphic\manualPromise.js:87:58)
    at LongStandingScope.race (C:\Users\mabis\AppData\Local\Temp\playwright-java-3781676058749878303\package\lib\utils\isomorphic\manualPromise.js:80:17)
    at FrameDispatcher._handleCommand (C:\Users\mabis\AppData\Local\Temp\playwright-java-3781676058749878303\package\lib\server\dispatchers\dispatcher.js:90:36)
    at DispatcherConnection.dispatch (C:\Users\mabis\AppData\Local\Temp\playwright-java-3781676058749878303\package\lib\server\dispatchers\dispatcher.js:309:39)
}
	at com.microsoft.playwright.impl.Connection.dispatch(Connection.java:259)
	at com.microsoft.playwright.impl.Connection.processOneMessage(Connection.java:214)
	at com.microsoft.playwright.impl.ChannelOwner.runUntil(ChannelOwner.java:136)
	... 13 more

